<?xml version="1.0" encoding="UTF-8"?>
<!-- Generated by org.testng.reporters.JUnitXMLReporter -->
<testsuite ignored="1" hostname="19-11-004" failures="1" tests="1" name="Test" time="0.381" errors="0" timestamp="2022-11-23T17:07:39 EET">
  <testcase classname="testCases.LoginScenarios" name="verifyUserLogin" time="0.346">
    <failure type="java.lang.AssertionError" message="expected [Swagk Labs] but found [Swag Labs]">
      <![CDATA[java.lang.AssertionError: expected [Swagk Labs] but found [Swag Labs]
at testCases.LoginScenarios.verifyUserLogin(LoginScenarios.java:31)
at java.base/java.util.ArrayList.forEach(ArrayList.java:1511)
... Removed 31 stack frames]]>
    </failure>
  </testcase> <!-- verifyUserLogin -->
  <testcase classname="testCases.LoginScenarios" name="verifyUserLoginDataProvider" time="0.0">
    <ignored/>
  </testcase> <!-- verifyUserLoginDataProvider -->
</testsuite> <!-- Test -->
