<?xml version="1.0" encoding="UTF-8"?>
<!-- Generated by org.testng.reporters.JUnitXMLReporter -->
<testsuite ignored="1" hostname="19-11-004" failures="0" tests="1" name="Test" time="0.389" errors="0" timestamp="2022-11-27T11:52:14 EET">
  <testcase classname="testCases.LoginScenarios" name="verifyUserLogin" time="0.327"/>
  <testcase classname="testCases.LoginScenarios" name="verifyUserLoginDataProvider" time="0.0">
    <ignored/>
  </testcase> <!-- verifyUserLoginDataProvider -->
</testsuite> <!-- Test -->
