<?xml version="1.0" encoding="UTF-8"?>
<testng-results ignored="1" total="2" passed="1" failed="0" skipped="0">
  <reporter-output>
  </reporter-output>
  <suite started-at="2022-11-29T13:06:41 EET" name="Default suite" finished-at="2022-11-29T13:06:41 EET" duration-ms="45">
    <groups>
    </groups>
    <test started-at="2022-11-29T13:06:41 EET" name="Default test" finished-at="2022-11-29T13:06:41 EET" duration-ms="45">
      <class name="testCases.loggerTest">
        <test-method signature="AssertEquaL()[pri:0, instance:testCases.loggerTest@7ee8290b]" started-at="2022-11-29T13:06:41 EET" name="AssertEquaL" finished-at="2022-11-29T13:06:41 EET" duration-ms="17" status="PASS">
          <reporter-output>
          </reporter-output>
        </test-method> <!-- AssertEquaL -->
      </class> <!-- testCases.loggerTest -->
    </test> <!-- Default test -->
  </suite> <!-- Default suite -->
</testng-results>
